2025-08-02 17:15:03,495 - __main__ - INFO - 🚀 Starting knowledge base population...
2025-08-02 17:15:03,496 - __main__ - INFO - Initializing database...
2025-08-02 17:15:03,499 - __main__ - INFO - Initializing vector service...
2025-08-02 17:15:03,499 - vector_service - INFO - Initializing VectorService with model: all-MiniLM-L6-v2
2025-08-02 17:15:03,502 - sentence_transformers.SentenceTransformer - INFO - Use pytorch device_name: cpu
2025-08-02 17:15:03,502 - sentence_transformers.SentenceTransformer - INFO - Load pretrained SentenceTransformer: all-MiniLM-L6-v2
2025-08-02 17:15:06,886 - vector_service - INFO - VectorService initialized successfully
2025-08-02 17:15:06,892 - __main__ - INFO - 📚 Extracting documents from database...
2025-08-02 17:15:06,893 - __main__ - INFO - Extracting documents from WordOfDay table...
2025-08-02 17:15:06,912 - __main__ - INFO - Found 17 WordOfDay entries
2025-08-02 17:15:06,913 - __main__ - INFO - Extracted 51 documents from WordOfDay table
2025-08-02 17:15:06,913 - __main__ - INFO - Extracting documents from CommonPhrase table...
2025-08-02 17:15:06,915 - __main__ - INFO - Found 0 CommonPhrase entries
2025-08-02 17:15:06,915 - __main__ - INFO - Extracted 0 documents from CommonPhrase table
2025-08-02 17:15:06,915 - __main__ - INFO - 📄 Total documents to process: 51
2025-08-02 17:15:06,915 - __main__ - INFO - 🧠 Generating embeddings...
2025-08-02 17:15:06,915 - __main__ - INFO - Generating embeddings for 51 documents...
2025-08-02 17:15:06,916 - __main__ - INFO - This may take a while depending on the number of documents...
2025-08-02 17:15:07,264 - __main__ - INFO - Generated embeddings with shape: (51, 384)
2025-08-02 17:15:07,264 - __main__ - INFO - 🔍 Creating FAISS index...
2025-08-02 17:15:07,264 - __main__ - INFO - Creating FAISS index...
2025-08-02 17:15:07,265 - __main__ - INFO - Embedding dimension: 384
2025-08-02 17:15:07,265 - __main__ - INFO - Adding embeddings to index...
2025-08-02 17:15:07,265 - __main__ - INFO - Created FAISS index with 51 vectors
2025-08-02 17:15:07,265 - __main__ - INFO - 💾 Saving index and metadata...
2025-08-02 17:15:07,266 - __main__ - INFO - Data directory: data
2025-08-02 17:15:07,266 - __main__ - INFO - Saving FAISS index to: data\learning_kb.index
2025-08-02 17:15:07,267 - __main__ - INFO - Saving metadata to: data\learning_kb_meta.json
2025-08-02 17:15:07,269 - __main__ - INFO - ✅ Index and metadata saved successfully
2025-08-02 17:15:07,269 - __main__ - INFO - 📊 Knowledge Base Statistics:
2025-08-02 17:15:07,269 - __main__ - INFO -    Total documents: 51
2025-08-02 17:15:07,270 - __main__ - INFO -    Index size: 51 vectors
2025-08-02 17:15:07,270 - __main__ - INFO -    Embedding dimension: 384
2025-08-02 17:15:07,270 - __main__ - INFO -    Languages: {'de': 6, 'en': 9, 'es': 6, 'fr': 6, 'it': 6, 'ja': 6, 'pt': 6, 'zh': 6}
2025-08-02 17:15:07,270 - __main__ - INFO -    Sources: {'Cultural Note': 17, 'Etymology': 17, 'Word of Day Example': 17}
2025-08-02 17:15:07,271 - __main__ - INFO - 🎉 Knowledge base population completed successfully!
2025-08-02 17:15:07,271 - __main__ - INFO - ⏱️  Total processing time: 0:00:03.776193
2025-08-02 17:15:07,271 - __main__ - INFO - 📁 Files created:
2025-08-02 17:15:07,272 - __main__ - INFO -    - data\learning_kb.index
2025-08-02 17:15:07,272 - __main__ - INFO -    - data\learning_kb_meta.json
