2025-07-23 16:15:15,062 - health_check - INFO - [36mStarting comprehensive backend health check...[0m
2025-07-23 16:16:08,485 - health_check - INFO - 
[36m=== Health Check Summary ===[0m
2025-07-23 16:16:08,485 - health_check - INFO - Total tests: 13
2025-07-23 16:16:08,486 - health_check - INFO - [32mPassed: 0[0m
2025-07-23 16:16:08,486 - health_check - INFO - [31mFailed: 13[0m
2025-07-23 16:16:08,486 - health_check - INFO - [33mWarnings: 0[0m
2025-07-23 16:16:08,486 - health_check - INFO - Success rate: 0.0%
2025-07-23 16:16:08,487 - health_check - INFO - 
[31mFailed endpoints:[0m
2025-07-23 16:16:08,493 - health_check - INFO - - Health Check: Connection error - server may be down
2025-07-23 16:16:08,493 - health_check - INFO - - Supported Languages: Connection error - server may be down
2025-07-23 16:16:08,494 - health_check - INFO - - Basic Translation (en to es): Connection error - server may be down
2025-07-23 16:16:08,494 - health_check - INFO - - Advanced Translation (en to es): Connection error - server may be down
2025-07-23 16:16:08,494 - health_check - INFO - - Romanization: Connection error - server may be down
2025-07-23 16:16:08,494 - health_check - INFO - - Word of Day (en): Connection error - server may be down
2025-07-23 16:16:08,494 - health_check - INFO - - Common Phrases (en): Connection error - server may be down
2025-07-23 16:16:08,494 - health_check - INFO - - Flashcards: Connection error - server may be down
2025-07-23 16:16:08,495 - health_check - INFO - - Quiz Generation: Connection error - server may be down
2025-07-23 16:16:08,495 - health_check - INFO - - User Progress: Connection error - server may be down
2025-07-23 16:16:08,495 - health_check - INFO - - Quiz Submission: Connection error - server may be down
2025-07-23 16:16:08,495 - health_check - INFO - - Avatar Conversation: Connection error - server may be down
2025-07-23 16:16:08,496 - health_check - INFO - Results saved to health_check_results.json
